The target system is: Android - 22 - armv7-a
The host system is: Linux - 4.13.0-36-generic - x86_64
Determining if the C compiler works passed with the following output:
Change Dir: /home/yngzmiao/test/test_android_1/build/CMakeFiles/CMakeTmp

Run Build Command:"/usr/bin/make" "cmTC_db3f1/fast"
/usr/bin/make -f CMakeFiles/cmTC_db3f1.dir/build.make CMakeFiles/cmTC_db3f1.dir/build
make[1]: Entering directory '/home/yngzmiao/test/test_android_1/build/CMakeFiles/CMakeTmp'
Building C object CMakeFiles/cmTC_db3f1.dir/testCCompiler.c.o
/opt/env/android-ndk-r14b/toolchains/llvm/prebuilt/linux-x86_64/bin/clang  --target=armv7-none-linux-androideabi --gcc-toolchain=/opt/env/android-ndk-r14b/toolchains/arm-linux-androideabi-4.9/prebuilt/linux-x86_64 --sysroot=/opt/env/android-ndk-r14b/platforms/android-22/arch-arm   -g -DANDROID -ffunction-sections -funwind-tables -fstack-protector-strong -no-canonical-prefixes -march=armv7-a -mfloat-abi=softfp -mfpu=vfpv3-d16 -fno-integrated-as -mthumb -Wa,--noexecstack -Wformat -Werror=format-security -g -DANDROID -ffunction-sections -funwind-tables -fstack-protector-strong -no-canonical-prefixes -march=armv7-a -mfloat-abi=softfp -mfpu=vfpv3-d16 -fno-integrated-as -mthumb -Wa,--noexecstack -Wformat -Werror=format-security   -fPIE   -o CMakeFiles/cmTC_db3f1.dir/testCCompiler.c.o   -c /home/yngzmiao/test/test_android_1/build/CMakeFiles/CMakeTmp/testCCompiler.c
Linking C executable cmTC_db3f1
/usr/local/bin/cmake -E cmake_link_script CMakeFiles/cmTC_db3f1.dir/link.txt --verbose=1
/opt/env/android-ndk-r14b/toolchains/llvm/prebuilt/linux-x86_64/bin/clang  --target=armv7-none-linux-androideabi --gcc-toolchain=/opt/env/android-ndk-r14b/toolchains/arm-linux-androideabi-4.9/prebuilt/linux-x86_64 --sysroot=/opt/env/android-ndk-r14b/platforms/android-22/arch-arm -g -DANDROID -ffunction-sections -funwind-tables -fstack-protector-strong -no-canonical-prefixes -march=armv7-a -mfloat-abi=softfp -mfpu=vfpv3-d16 -fno-integrated-as -mthumb -Wa,--noexecstack -Wformat -Werror=format-security -g -DANDROID -ffunction-sections -funwind-tables -fstack-protector-strong -no-canonical-prefixes -march=armv7-a -mfloat-abi=softfp -mfpu=vfpv3-d16 -fno-integrated-as -mthumb -Wa,--noexecstack -Wformat -Werror=format-security    -Wl,--build-id -Wl,--warn-shared-textrel -Wl,--fatal-warnings -Wl,--fix-cortex-a8 -Wl,--no-undefined -Wl,-z,noexecstack -Qunused-arguments -Wl,-z,relro -Wl,-z,now -Wl,--gc-sections -Wl,-z,nocopyreloc -pie -fPIE   CMakeFiles/cmTC_db3f1.dir/testCCompiler.c.o  -o cmTC_db3f1  -lm 
make[1]: Leaving directory '/home/yngzmiao/test/test_android_1/build/CMakeFiles/CMakeTmp'


Detecting C compiler ABI info compiled with the following output:
Change Dir: /home/yngzmiao/test/test_android_1/build/CMakeFiles/CMakeTmp

Run Build Command:"/usr/bin/make" "cmTC_387e8/fast"
/usr/bin/make -f CMakeFiles/cmTC_387e8.dir/build.make CMakeFiles/cmTC_387e8.dir/build
make[1]: Entering directory '/home/yngzmiao/test/test_android_1/build/CMakeFiles/CMakeTmp'
Building C object CMakeFiles/cmTC_387e8.dir/CMakeCCompilerABI.c.o
/opt/env/android-ndk-r14b/toolchains/llvm/prebuilt/linux-x86_64/bin/clang  --target=armv7-none-linux-androideabi --gcc-toolchain=/opt/env/android-ndk-r14b/toolchains/arm-linux-androideabi-4.9/prebuilt/linux-x86_64 --sysroot=/opt/env/android-ndk-r14b/platforms/android-22/arch-arm   -g -DANDROID -ffunction-sections -funwind-tables -fstack-protector-strong -no-canonical-prefixes -march=armv7-a -mfloat-abi=softfp -mfpu=vfpv3-d16 -fno-integrated-as -mthumb -Wa,--noexecstack -Wformat -Werror=format-security -g -DANDROID -ffunction-sections -funwind-tables -fstack-protector-strong -no-canonical-prefixes -march=armv7-a -mfloat-abi=softfp -mfpu=vfpv3-d16 -fno-integrated-as -mthumb -Wa,--noexecstack -Wformat -Werror=format-security   -fPIE   -o CMakeFiles/cmTC_387e8.dir/CMakeCCompilerABI.c.o   -c /usr/local/share/cmake-3.6/Modules/CMakeCCompilerABI.c
Linking C executable cmTC_387e8
/usr/local/bin/cmake -E cmake_link_script CMakeFiles/cmTC_387e8.dir/link.txt --verbose=1
/opt/env/android-ndk-r14b/toolchains/llvm/prebuilt/linux-x86_64/bin/clang  --target=armv7-none-linux-androideabi --gcc-toolchain=/opt/env/android-ndk-r14b/toolchains/arm-linux-androideabi-4.9/prebuilt/linux-x86_64 --sysroot=/opt/env/android-ndk-r14b/platforms/android-22/arch-arm -g -DANDROID -ffunction-sections -funwind-tables -fstack-protector-strong -no-canonical-prefixes -march=armv7-a -mfloat-abi=softfp -mfpu=vfpv3-d16 -fno-integrated-as -mthumb -Wa,--noexecstack -Wformat -Werror=format-security -g -DANDROID -ffunction-sections -funwind-tables -fstack-protector-strong -no-canonical-prefixes -march=armv7-a -mfloat-abi=softfp -mfpu=vfpv3-d16 -fno-integrated-as -mthumb -Wa,--noexecstack -Wformat -Werror=format-security    -Wl,--build-id -Wl,--warn-shared-textrel -Wl,--fatal-warnings -Wl,--fix-cortex-a8 -Wl,--no-undefined -Wl,-z,noexecstack -Qunused-arguments -Wl,-z,relro -Wl,-z,now -Wl,--gc-sections -Wl,-z,nocopyreloc -pie -fPIE  -v CMakeFiles/cmTC_387e8.dir/CMakeCCompilerABI.c.o  -o cmTC_387e8   
Android clang version 3.8.275480  (based on LLVM 3.8.275480)
Target: armv7-none-linux-android
Thread model: posix
InstalledDir: /opt/env/android-ndk-r14b/toolchains/llvm/prebuilt/linux-x86_64/bin
Found candidate GCC installation: /opt/env/android-ndk-r14b/toolchains/arm-linux-androideabi-4.9/prebuilt/linux-x86_64/lib/gcc/arm-linux-androideabi/4.9.x
Selected GCC installation: /opt/env/android-ndk-r14b/toolchains/arm-linux-androideabi-4.9/prebuilt/linux-x86_64/lib/gcc/arm-linux-androideabi/4.9.x
Candidate multilib: thumb;@thumb
Candidate multilib: armv7-a;@armv7
Candidate multilib: armv7-a/thumb;@armv7@thumb
Candidate multilib: .;
Selected multilib: armv7-a/thumb;@armv7@thumb
 "/opt/env/android-ndk-r14b/toolchains/arm-linux-androideabi-4.9/prebuilt/linux-x86_64/lib/gcc/arm-linux-androideabi/4.9.x/../../../../arm-linux-androideabi/bin/ld" --sysroot=/opt/env/android-ndk-r14b/platforms/android-22/arch-arm -pie -z relro -X --eh-frame-hdr -m armelf_linux_eabi -dynamic-linker /system/bin/linker -o cmTC_387e8 /opt/env/android-ndk-r14b/platforms/android-22/arch-arm/usr/lib/../lib/crtbegin_dynamic.o -L/opt/env/android-ndk-r14b/toolchains/arm-linux-androideabi-4.9/prebuilt/linux-x86_64/lib/gcc/arm-linux-androideabi/4.9.x/armv7-a/thumb -L/opt/env/android-ndk-r14b/toolchains/arm-linux-androideabi-4.9/prebuilt/linux-x86_64/lib/gcc/arm-linux-androideabi/4.9.x/../../../../arm-linux-androideabi/lib/../lib/armv7-a/thumb -L/opt/env/android-ndk-r14b/platforms/android-22/arch-arm/usr/lib/../lib -L/opt/env/android-ndk-r14b/toolchains/arm-linux-androideabi-4.9/prebuilt/linux-x86_64/lib/gcc/arm-linux-androideabi/4.9.x/../../../../arm-linux-androideabi/lib/armv7-a/thumb -L/opt/env/android-ndk-r14b/platforms/android-22/arch-arm/usr/lib --build-id --warn-shared-textrel --fatal-warnings --fix-cortex-a8 --no-undefined -z noexecstack -z relro -z now --gc-sections -z nocopyreloc CMakeFiles/cmTC_387e8.dir/CMakeCCompilerABI.c.o -lgcc -ldl -lc -lgcc -ldl /opt/env/android-ndk-r14b/platforms/android-22/arch-arm/usr/lib/../lib/crtend_android.o
make[1]: Leaving directory '/home/yngzmiao/test/test_android_1/build/CMakeFiles/CMakeTmp'


Parsed C implicit link information from above output:
  link line regex: [^( *|.*[/\])(arm-linux-androideabi-ld|([^/\]+-)?ld|collect2)[^/\]*( |$)]
  ignore line: [Change Dir: /home/yngzmiao/test/test_android_1/build/CMakeFiles/CMakeTmp]
  ignore line: []
  ignore line: [Run Build Command:"/usr/bin/make" "cmTC_387e8/fast"]
  ignore line: [/usr/bin/make -f CMakeFiles/cmTC_387e8.dir/build.make CMakeFiles/cmTC_387e8.dir/build]
  ignore line: [make[1]: Entering directory '/home/yngzmiao/test/test_android_1/build/CMakeFiles/CMakeTmp']
  ignore line: [Building C object CMakeFiles/cmTC_387e8.dir/CMakeCCompilerABI.c.o]
  ignore line: [/opt/env/android-ndk-r14b/toolchains/llvm/prebuilt/linux-x86_64/bin/clang  --target=armv7-none-linux-androideabi --gcc-toolchain=/opt/env/android-ndk-r14b/toolchains/arm-linux-androideabi-4.9/prebuilt/linux-x86_64 --sysroot=/opt/env/android-ndk-r14b/platforms/android-22/arch-arm   -g -DANDROID -ffunction-sections -funwind-tables -fstack-protector-strong -no-canonical-prefixes -march=armv7-a -mfloat-abi=softfp -mfpu=vfpv3-d16 -fno-integrated-as -mthumb -Wa,--noexecstack -Wformat -Werror=format-security -g -DANDROID -ffunction-sections -funwind-tables -fstack-protector-strong -no-canonical-prefixes -march=armv7-a -mfloat-abi=softfp -mfpu=vfpv3-d16 -fno-integrated-as -mthumb -Wa,--noexecstack -Wformat -Werror=format-security   -fPIE   -o CMakeFiles/cmTC_387e8.dir/CMakeCCompilerABI.c.o   -c /usr/local/share/cmake-3.6/Modules/CMakeCCompilerABI.c]
  ignore line: [Linking C executable cmTC_387e8]
  ignore line: [/usr/local/bin/cmake -E cmake_link_script CMakeFiles/cmTC_387e8.dir/link.txt --verbose=1]
  ignore line: [/opt/env/android-ndk-r14b/toolchains/llvm/prebuilt/linux-x86_64/bin/clang  --target=armv7-none-linux-androideabi --gcc-toolchain=/opt/env/android-ndk-r14b/toolchains/arm-linux-androideabi-4.9/prebuilt/linux-x86_64 --sysroot=/opt/env/android-ndk-r14b/platforms/android-22/arch-arm -g -DANDROID -ffunction-sections -funwind-tables -fstack-protector-strong -no-canonical-prefixes -march=armv7-a -mfloat-abi=softfp -mfpu=vfpv3-d16 -fno-integrated-as -mthumb -Wa,--noexecstack -Wformat -Werror=format-security -g -DANDROID -ffunction-sections -funwind-tables -fstack-protector-strong -no-canonical-prefixes -march=armv7-a -mfloat-abi=softfp -mfpu=vfpv3-d16 -fno-integrated-as -mthumb -Wa,--noexecstack -Wformat -Werror=format-security    -Wl,--build-id -Wl,--warn-shared-textrel -Wl,--fatal-warnings -Wl,--fix-cortex-a8 -Wl,--no-undefined -Wl,-z,noexecstack -Qunused-arguments -Wl,-z,relro -Wl,-z,now -Wl,--gc-sections -Wl,-z,nocopyreloc -pie -fPIE  -v CMakeFiles/cmTC_387e8.dir/CMakeCCompilerABI.c.o  -o cmTC_387e8   ]
  ignore line: [Android clang version 3.8.275480  (based on LLVM 3.8.275480)]
  ignore line: [Target: armv7-none-linux-android]
  ignore line: [Thread model: posix]
  ignore line: [InstalledDir: /opt/env/android-ndk-r14b/toolchains/llvm/prebuilt/linux-x86_64/bin]
  ignore line: [Found candidate GCC installation: /opt/env/android-ndk-r14b/toolchains/arm-linux-androideabi-4.9/prebuilt/linux-x86_64/lib/gcc/arm-linux-androideabi/4.9.x]
  ignore line: [Selected GCC installation: /opt/env/android-ndk-r14b/toolchains/arm-linux-androideabi-4.9/prebuilt/linux-x86_64/lib/gcc/arm-linux-androideabi/4.9.x]
  ignore line: [Candidate multilib: thumb]
  ignore line: [@thumb]
  ignore line: [Candidate multilib: armv7-a]
  ignore line: [@armv7]
  ignore line: [Candidate multilib: armv7-a/thumb]
  ignore line: [@armv7@thumb]
  ignore line: [Candidate multilib: .]
  ignore line: []
  ignore line: [Selected multilib: armv7-a/thumb]
  ignore line: [@armv7@thumb]
  link line: [ "/opt/env/android-ndk-r14b/toolchains/arm-linux-androideabi-4.9/prebuilt/linux-x86_64/lib/gcc/arm-linux-androideabi/4.9.x/../../../../arm-linux-androideabi/bin/ld" --sysroot=/opt/env/android-ndk-r14b/platforms/android-22/arch-arm -pie -z relro -X --eh-frame-hdr -m armelf_linux_eabi -dynamic-linker /system/bin/linker -o cmTC_387e8 /opt/env/android-ndk-r14b/platforms/android-22/arch-arm/usr/lib/../lib/crtbegin_dynamic.o -L/opt/env/android-ndk-r14b/toolchains/arm-linux-androideabi-4.9/prebuilt/linux-x86_64/lib/gcc/arm-linux-androideabi/4.9.x/armv7-a/thumb -L/opt/env/android-ndk-r14b/toolchains/arm-linux-androideabi-4.9/prebuilt/linux-x86_64/lib/gcc/arm-linux-androideabi/4.9.x/../../../../arm-linux-androideabi/lib/../lib/armv7-a/thumb -L/opt/env/android-ndk-r14b/platforms/android-22/arch-arm/usr/lib/../lib -L/opt/env/android-ndk-r14b/toolchains/arm-linux-androideabi-4.9/prebuilt/linux-x86_64/lib/gcc/arm-linux-androideabi/4.9.x/../../../../arm-linux-androideabi/lib/armv7-a/thumb -L/opt/env/android-ndk-r14b/platforms/android-22/arch-arm/usr/lib --build-id --warn-shared-textrel --fatal-warnings --fix-cortex-a8 --no-undefined -z noexecstack -z relro -z now --gc-sections -z nocopyreloc CMakeFiles/cmTC_387e8.dir/CMakeCCompilerABI.c.o -lgcc -ldl -lc -lgcc -ldl /opt/env/android-ndk-r14b/platforms/android-22/arch-arm/usr/lib/../lib/crtend_android.o]
    arg [/opt/env/android-ndk-r14b/toolchains/arm-linux-androideabi-4.9/prebuilt/linux-x86_64/lib/gcc/arm-linux-androideabi/4.9.x/../../../../arm-linux-androideabi/bin/ld] ==> ignore
    arg [--sysroot=/opt/env/android-ndk-r14b/platforms/android-22/arch-arm] ==> ignore
    arg [-pie] ==> ignore
    arg [-zrelro] ==> ignore
    arg [-X] ==> ignore
    arg [--eh-frame-hdr] ==> ignore
    arg [-m] ==> ignore
    arg [armelf_linux_eabi] ==> ignore
    arg [-dynamic-linker] ==> ignore
    arg [/system/bin/linker] ==> ignore
    arg [-o] ==> ignore
    arg [cmTC_387e8] ==> ignore
    arg [/opt/env/android-ndk-r14b/platforms/android-22/arch-arm/usr/lib/../lib/crtbegin_dynamic.o] ==> ignore
    arg [-L/opt/env/android-ndk-r14b/toolchains/arm-linux-androideabi-4.9/prebuilt/linux-x86_64/lib/gcc/arm-linux-androideabi/4.9.x/armv7-a/thumb] ==> dir [/opt/env/android-ndk-r14b/toolchains/arm-linux-androideabi-4.9/prebuilt/linux-x86_64/lib/gcc/arm-linux-androideabi/4.9.x/armv7-a/thumb]
    arg [-L/opt/env/android-ndk-r14b/toolchains/arm-linux-androideabi-4.9/prebuilt/linux-x86_64/lib/gcc/arm-linux-androideabi/4.9.x/../../../../arm-linux-androideabi/lib/../lib/armv7-a/thumb] ==> dir [/opt/env/android-ndk-r14b/toolchains/arm-linux-androideabi-4.9/prebuilt/linux-x86_64/lib/gcc/arm-linux-androideabi/4.9.x/../../../../arm-linux-androideabi/lib/../lib/armv7-a/thumb]
    arg [-L/opt/env/android-ndk-r14b/platforms/android-22/arch-arm/usr/lib/../lib] ==> dir [/opt/env/android-ndk-r14b/platforms/android-22/arch-arm/usr/lib/../lib]
    arg [-L/opt/env/android-ndk-r14b/toolchains/arm-linux-androideabi-4.9/prebuilt/linux-x86_64/lib/gcc/arm-linux-androideabi/4.9.x/../../../../arm-linux-androideabi/lib/armv7-a/thumb] ==> dir [/opt/env/android-ndk-r14b/toolchains/arm-linux-androideabi-4.9/prebuilt/linux-x86_64/lib/gcc/arm-linux-androideabi/4.9.x/../../../../arm-linux-androideabi/lib/armv7-a/thumb]
    arg [-L/opt/env/android-ndk-r14b/platforms/android-22/arch-arm/usr/lib] ==> dir [/opt/env/android-ndk-r14b/platforms/android-22/arch-arm/usr/lib]
    arg [--build-id] ==> ignore
    arg [--warn-shared-textrel] ==> ignore
    arg [--fatal-warnings] ==> ignore
    arg [--fix-cortex-a8] ==> ignore
    arg [--no-undefined] ==> ignore
    arg [-znoexecstack] ==> ignore
    arg [-zrelro] ==> ignore
    arg [-znow] ==> ignore
    arg [--gc-sections] ==> ignore
    arg [-znocopyreloc] ==> ignore
    arg [CMakeFiles/cmTC_387e8.dir/CMakeCCompilerABI.c.o] ==> ignore
    arg [-lgcc] ==> lib [gcc]
    arg [-ldl] ==> lib [dl]
    arg [-lc] ==> lib [c]
    arg [-lgcc] ==> lib [gcc]
    arg [-ldl] ==> lib [dl]
    arg [/opt/env/android-ndk-r14b/platforms/android-22/arch-arm/usr/lib/../lib/crtend_android.o] ==> ignore
  remove lib [gcc]
  remove lib [gcc]
  collapse library dir [/opt/env/android-ndk-r14b/toolchains/arm-linux-androideabi-4.9/prebuilt/linux-x86_64/lib/gcc/arm-linux-androideabi/4.9.x/armv7-a/thumb] ==> [/opt/env/android-ndk-r14b/toolchains/arm-linux-androideabi-4.9/prebuilt/linux-x86_64/lib/gcc/arm-linux-androideabi/4.9.x/armv7-a/thumb]
  collapse library dir [/opt/env/android-ndk-r14b/toolchains/arm-linux-androideabi-4.9/prebuilt/linux-x86_64/lib/gcc/arm-linux-androideabi/4.9.x/../../../../arm-linux-androideabi/lib/../lib/armv7-a/thumb] ==> [/opt/env/android-ndk-r14b/toolchains/arm-linux-androideabi-4.9/prebuilt/linux-x86_64/arm-linux-androideabi/lib/armv7-a/thumb]
  collapse library dir [/opt/env/android-ndk-r14b/platforms/android-22/arch-arm/usr/lib/../lib] ==> [/opt/env/android-ndk-r14b/platforms/android-22/arch-arm/usr/lib]
  collapse library dir [/opt/env/android-ndk-r14b/toolchains/arm-linux-androideabi-4.9/prebuilt/linux-x86_64/lib/gcc/arm-linux-androideabi/4.9.x/../../../../arm-linux-androideabi/lib/armv7-a/thumb] ==> [/opt/env/android-ndk-r14b/toolchains/arm-linux-androideabi-4.9/prebuilt/linux-x86_64/arm-linux-androideabi/lib/armv7-a/thumb]
  collapse library dir [/opt/env/android-ndk-r14b/platforms/android-22/arch-arm/usr/lib] ==> [/opt/env/android-ndk-r14b/platforms/android-22/arch-arm/usr/lib]
  implicit libs: [dl;c;dl]
  implicit dirs: [/opt/env/android-ndk-r14b/toolchains/arm-linux-androideabi-4.9/prebuilt/linux-x86_64/lib/gcc/arm-linux-androideabi/4.9.x/armv7-a/thumb;/opt/env/android-ndk-r14b/toolchains/arm-linux-androideabi-4.9/prebuilt/linux-x86_64/arm-linux-androideabi/lib/armv7-a/thumb;/opt/env/android-ndk-r14b/platforms/android-22/arch-arm/usr/lib]
  implicit fwks: []




Detecting C [-std=c11] compiler features compiled with the following output:
Change Dir: /home/yngzmiao/test/test_android_1/build/CMakeFiles/CMakeTmp

Run Build Command:"/usr/bin/make" "cmTC_73572/fast"
/usr/bin/make -f CMakeFiles/cmTC_73572.dir/build.make CMakeFiles/cmTC_73572.dir/build
make[1]: Entering directory '/home/yngzmiao/test/test_android_1/build/CMakeFiles/CMakeTmp'
Building C object CMakeFiles/cmTC_73572.dir/feature_tests.c.o
/opt/env/android-ndk-r14b/toolchains/llvm/prebuilt/linux-x86_64/bin/clang  --target=armv7-none-linux-androideabi --gcc-toolchain=/opt/env/android-ndk-r14b/toolchains/arm-linux-androideabi-4.9/prebuilt/linux-x86_64 --sysroot=/opt/env/android-ndk-r14b/platforms/android-22/arch-arm   -g -DANDROID -ffunction-sections -funwind-tables -fstack-protector-strong -no-canonical-prefixes -march=armv7-a -mfloat-abi=softfp -mfpu=vfpv3-d16 -fno-integrated-as -mthumb -Wa,--noexecstack -Wformat -Werror=format-security -g -DANDROID -ffunction-sections -funwind-tables -fstack-protector-strong -no-canonical-prefixes -march=armv7-a -mfloat-abi=softfp -mfpu=vfpv3-d16 -fno-integrated-as -mthumb -Wa,--noexecstack -Wformat -Werror=format-security   -fPIE   -std=c11 -o CMakeFiles/cmTC_73572.dir/feature_tests.c.o   -c /home/yngzmiao/test/test_android_1/build/CMakeFiles/feature_tests.c
Linking C executable cmTC_73572
/usr/local/bin/cmake -E cmake_link_script CMakeFiles/cmTC_73572.dir/link.txt --verbose=1
/opt/env/android-ndk-r14b/toolchains/llvm/prebuilt/linux-x86_64/bin/clang  --target=armv7-none-linux-androideabi --gcc-toolchain=/opt/env/android-ndk-r14b/toolchains/arm-linux-androideabi-4.9/prebuilt/linux-x86_64 --sysroot=/opt/env/android-ndk-r14b/platforms/android-22/arch-arm -g -DANDROID -ffunction-sections -funwind-tables -fstack-protector-strong -no-canonical-prefixes -march=armv7-a -mfloat-abi=softfp -mfpu=vfpv3-d16 -fno-integrated-as -mthumb -Wa,--noexecstack -Wformat -Werror=format-security -g -DANDROID -ffunction-sections -funwind-tables -fstack-protector-strong -no-canonical-prefixes -march=armv7-a -mfloat-abi=softfp -mfpu=vfpv3-d16 -fno-integrated-as -mthumb -Wa,--noexecstack -Wformat -Werror=format-security    -Wl,--build-id -Wl,--warn-shared-textrel -Wl,--fatal-warnings -Wl,--fix-cortex-a8 -Wl,--no-undefined -Wl,-z,noexecstack -Qunused-arguments -Wl,-z,relro -Wl,-z,now -Wl,--gc-sections -Wl,-z,nocopyreloc -pie -fPIE   CMakeFiles/cmTC_73572.dir/feature_tests.c.o  -o cmTC_73572  -lm 
make[1]: Leaving directory '/home/yngzmiao/test/test_android_1/build/CMakeFiles/CMakeTmp'


    Feature record: C_FEATURE:1c_function_prototypes
    Feature record: C_FEATURE:1c_restrict
    Feature record: C_FEATURE:1c_static_assert
    Feature record: C_FEATURE:1c_variadic_macros


Detecting C [-std=c99] compiler features compiled with the following output:
Change Dir: /home/yngzmiao/test/test_android_1/build/CMakeFiles/CMakeTmp

Run Build Command:"/usr/bin/make" "cmTC_579a4/fast"
/usr/bin/make -f CMakeFiles/cmTC_579a4.dir/build.make CMakeFiles/cmTC_579a4.dir/build
make[1]: Entering directory '/home/yngzmiao/test/test_android_1/build/CMakeFiles/CMakeTmp'
Building C object CMakeFiles/cmTC_579a4.dir/feature_tests.c.o
/opt/env/android-ndk-r14b/toolchains/llvm/prebuilt/linux-x86_64/bin/clang  --target=armv7-none-linux-androideabi --gcc-toolchain=/opt/env/android-ndk-r14b/toolchains/arm-linux-androideabi-4.9/prebuilt/linux-x86_64 --sysroot=/opt/env/android-ndk-r14b/platforms/android-22/arch-arm   -g -DANDROID -ffunction-sections -funwind-tables -fstack-protector-strong -no-canonical-prefixes -march=armv7-a -mfloat-abi=softfp -mfpu=vfpv3-d16 -fno-integrated-as -mthumb -Wa,--noexecstack -Wformat -Werror=format-security -g -DANDROID -ffunction-sections -funwind-tables -fstack-protector-strong -no-canonical-prefixes -march=armv7-a -mfloat-abi=softfp -mfpu=vfpv3-d16 -fno-integrated-as -mthumb -Wa,--noexecstack -Wformat -Werror=format-security   -fPIE   -std=c99 -o CMakeFiles/cmTC_579a4.dir/feature_tests.c.o   -c /home/yngzmiao/test/test_android_1/build/CMakeFiles/feature_tests.c
Linking C executable cmTC_579a4
/usr/local/bin/cmake -E cmake_link_script CMakeFiles/cmTC_579a4.dir/link.txt --verbose=1
/opt/env/android-ndk-r14b/toolchains/llvm/prebuilt/linux-x86_64/bin/clang  --target=armv7-none-linux-androideabi --gcc-toolchain=/opt/env/android-ndk-r14b/toolchains/arm-linux-androideabi-4.9/prebuilt/linux-x86_64 --sysroot=/opt/env/android-ndk-r14b/platforms/android-22/arch-arm -g -DANDROID -ffunction-sections -funwind-tables -fstack-protector-strong -no-canonical-prefixes -march=armv7-a -mfloat-abi=softfp -mfpu=vfpv3-d16 -fno-integrated-as -mthumb -Wa,--noexecstack -Wformat -Werror=format-security -g -DANDROID -ffunction-sections -funwind-tables -fstack-protector-strong -no-canonical-prefixes -march=armv7-a -mfloat-abi=softfp -mfpu=vfpv3-d16 -fno-integrated-as -mthumb -Wa,--noexecstack -Wformat -Werror=format-security    -Wl,--build-id -Wl,--warn-shared-textrel -Wl,--fatal-warnings -Wl,--fix-cortex-a8 -Wl,--no-undefined -Wl,-z,noexecstack -Qunused-arguments -Wl,-z,relro -Wl,-z,now -Wl,--gc-sections -Wl,-z,nocopyreloc -pie -fPIE   CMakeFiles/cmTC_579a4.dir/feature_tests.c.o  -o cmTC_579a4  -lm 
make[1]: Leaving directory '/home/yngzmiao/test/test_android_1/build/CMakeFiles/CMakeTmp'


    Feature record: C_FEATURE:1c_function_prototypes
    Feature record: C_FEATURE:1c_restrict
    Feature record: C_FEATURE:0c_static_assert
    Feature record: C_FEATURE:1c_variadic_macros


Detecting C [-std=c90] compiler features compiled with the following output:
Change Dir: /home/yngzmiao/test/test_android_1/build/CMakeFiles/CMakeTmp

Run Build Command:"/usr/bin/make" "cmTC_6f5f8/fast"
/usr/bin/make -f CMakeFiles/cmTC_6f5f8.dir/build.make CMakeFiles/cmTC_6f5f8.dir/build
make[1]: Entering directory '/home/yngzmiao/test/test_android_1/build/CMakeFiles/CMakeTmp'
Building C object CMakeFiles/cmTC_6f5f8.dir/feature_tests.c.o
/opt/env/android-ndk-r14b/toolchains/llvm/prebuilt/linux-x86_64/bin/clang  --target=armv7-none-linux-androideabi --gcc-toolchain=/opt/env/android-ndk-r14b/toolchains/arm-linux-androideabi-4.9/prebuilt/linux-x86_64 --sysroot=/opt/env/android-ndk-r14b/platforms/android-22/arch-arm   -g -DANDROID -ffunction-sections -funwind-tables -fstack-protector-strong -no-canonical-prefixes -march=armv7-a -mfloat-abi=softfp -mfpu=vfpv3-d16 -fno-integrated-as -mthumb -Wa,--noexecstack -Wformat -Werror=format-security -g -DANDROID -ffunction-sections -funwind-tables -fstack-protector-strong -no-canonical-prefixes -march=armv7-a -mfloat-abi=softfp -mfpu=vfpv3-d16 -fno-integrated-as -mthumb -Wa,--noexecstack -Wformat -Werror=format-security   -fPIE   -std=c90 -o CMakeFiles/cmTC_6f5f8.dir/feature_tests.c.o   -c /home/yngzmiao/test/test_android_1/build/CMakeFiles/feature_tests.c
Linking C executable cmTC_6f5f8
/usr/local/bin/cmake -E cmake_link_script CMakeFiles/cmTC_6f5f8.dir/link.txt --verbose=1
/opt/env/android-ndk-r14b/toolchains/llvm/prebuilt/linux-x86_64/bin/clang  --target=armv7-none-linux-androideabi --gcc-toolchain=/opt/env/android-ndk-r14b/toolchains/arm-linux-androideabi-4.9/prebuilt/linux-x86_64 --sysroot=/opt/env/android-ndk-r14b/platforms/android-22/arch-arm -g -DANDROID -ffunction-sections -funwind-tables -fstack-protector-strong -no-canonical-prefixes -march=armv7-a -mfloat-abi=softfp -mfpu=vfpv3-d16 -fno-integrated-as -mthumb -Wa,--noexecstack -Wformat -Werror=format-security -g -DANDROID -ffunction-sections -funwind-tables -fstack-protector-strong -no-canonical-prefixes -march=armv7-a -mfloat-abi=softfp -mfpu=vfpv3-d16 -fno-integrated-as -mthumb -Wa,--noexecstack -Wformat -Werror=format-security    -Wl,--build-id -Wl,--warn-shared-textrel -Wl,--fatal-warnings -Wl,--fix-cortex-a8 -Wl,--no-undefined -Wl,-z,noexecstack -Qunused-arguments -Wl,-z,relro -Wl,-z,now -Wl,--gc-sections -Wl,-z,nocopyreloc -pie -fPIE   CMakeFiles/cmTC_6f5f8.dir/feature_tests.c.o  -o cmTC_6f5f8  -lm 
make[1]: Leaving directory '/home/yngzmiao/test/test_android_1/build/CMakeFiles/CMakeTmp'


    Feature record: C_FEATURE:1c_function_prototypes
    Feature record: C_FEATURE:0c_restrict
    Feature record: C_FEATURE:0c_static_assert
    Feature record: C_FEATURE:0c_variadic_macros
Determining if the CXX compiler works passed with the following output:
Change Dir: /home/yngzmiao/test/test_android_1/build/CMakeFiles/CMakeTmp

Run Build Command:"/usr/bin/make" "cmTC_fe26c/fast"
/usr/bin/make -f CMakeFiles/cmTC_fe26c.dir/build.make CMakeFiles/cmTC_fe26c.dir/build
make[1]: Entering directory '/home/yngzmiao/test/test_android_1/build/CMakeFiles/CMakeTmp'
Building CXX object CMakeFiles/cmTC_fe26c.dir/testCXXCompiler.cxx.o
/opt/env/android-ndk-r14b/toolchains/llvm/prebuilt/linux-x86_64/bin/clang++  --target=armv7-none-linux-androideabi --gcc-toolchain=/opt/env/android-ndk-r14b/toolchains/arm-linux-androideabi-4.9/prebuilt/linux-x86_64 --sysroot=/opt/env/android-ndk-r14b/platforms/android-22/arch-arm   -isystem /opt/env/android-ndk-r14b/sources/cxx-stl/gnu-libstdc++/4.9/include -isystem /opt/env/android-ndk-r14b/sources/cxx-stl/gnu-libstdc++/4.9/libs/armeabi-v7a/include -isystem /opt/env/android-ndk-r14b/sources/cxx-stl/gnu-libstdc++/4.9/include/backward  -g -DANDROID -ffunction-sections -funwind-tables -fstack-protector-strong -no-canonical-prefixes -march=armv7-a -mfloat-abi=softfp -mfpu=vfpv3-d16 -fno-integrated-as -mthumb -Wa,--noexecstack -Wformat -Werror=format-security  -g -DANDROID -ffunction-sections -funwind-tables -fstack-protector-strong -no-canonical-prefixes -march=armv7-a -mfloat-abi=softfp -mfpu=vfpv3-d16 -fno-integrated-as -mthumb -Wa,--noexecstack -Wformat -Werror=format-security    -fPIE   -o CMakeFiles/cmTC_fe26c.dir/testCXXCompiler.cxx.o -c /home/yngzmiao/test/test_android_1/build/CMakeFiles/CMakeTmp/testCXXCompiler.cxx
Linking CXX executable cmTC_fe26c
/usr/local/bin/cmake -E cmake_link_script CMakeFiles/cmTC_fe26c.dir/link.txt --verbose=1
/opt/env/android-ndk-r14b/toolchains/llvm/prebuilt/linux-x86_64/bin/clang++  --target=armv7-none-linux-androideabi --gcc-toolchain=/opt/env/android-ndk-r14b/toolchains/arm-linux-androideabi-4.9/prebuilt/linux-x86_64 --sysroot=/opt/env/android-ndk-r14b/platforms/android-22/arch-arm  -g -DANDROID -ffunction-sections -funwind-tables -fstack-protector-strong -no-canonical-prefixes -march=armv7-a -mfloat-abi=softfp -mfpu=vfpv3-d16 -fno-integrated-as -mthumb -Wa,--noexecstack -Wformat -Werror=format-security  -g -DANDROID -ffunction-sections -funwind-tables -fstack-protector-strong -no-canonical-prefixes -march=armv7-a -mfloat-abi=softfp -mfpu=vfpv3-d16 -fno-integrated-as -mthumb -Wa,--noexecstack -Wformat -Werror=format-security     -Wl,--build-id -Wl,--warn-shared-textrel -Wl,--fatal-warnings -Wl,--fix-cortex-a8 -Wl,--no-undefined -Wl,-z,noexecstack -Qunused-arguments -Wl,-z,relro -Wl,-z,now -Wl,--gc-sections -Wl,-z,nocopyreloc -pie -fPIE   CMakeFiles/cmTC_fe26c.dir/testCXXCompiler.cxx.o  -o cmTC_fe26c  -lm "/opt/env/android-ndk-r14b/sources/cxx-stl/gnu-libstdc++/4.9/libs/armeabi-v7a/libgnustl_static.a" 
make[1]: Leaving directory '/home/yngzmiao/test/test_android_1/build/CMakeFiles/CMakeTmp'


Detecting CXX compiler ABI info compiled with the following output:
Change Dir: /home/yngzmiao/test/test_android_1/build/CMakeFiles/CMakeTmp

Run Build Command:"/usr/bin/make" "cmTC_33474/fast"
/usr/bin/make -f CMakeFiles/cmTC_33474.dir/build.make CMakeFiles/cmTC_33474.dir/build
make[1]: Entering directory '/home/yngzmiao/test/test_android_1/build/CMakeFiles/CMakeTmp'
Building CXX object CMakeFiles/cmTC_33474.dir/CMakeCXXCompilerABI.cpp.o
/opt/env/android-ndk-r14b/toolchains/llvm/prebuilt/linux-x86_64/bin/clang++  --target=armv7-none-linux-androideabi --gcc-toolchain=/opt/env/android-ndk-r14b/toolchains/arm-linux-androideabi-4.9/prebuilt/linux-x86_64 --sysroot=/opt/env/android-ndk-r14b/platforms/android-22/arch-arm   -isystem /opt/env/android-ndk-r14b/sources/cxx-stl/gnu-libstdc++/4.9/include -isystem /opt/env/android-ndk-r14b/sources/cxx-stl/gnu-libstdc++/4.9/libs/armeabi-v7a/include -isystem /opt/env/android-ndk-r14b/sources/cxx-stl/gnu-libstdc++/4.9/include/backward  -g -DANDROID -ffunction-sections -funwind-tables -fstack-protector-strong -no-canonical-prefixes -march=armv7-a -mfloat-abi=softfp -mfpu=vfpv3-d16 -fno-integrated-as -mthumb -Wa,--noexecstack -Wformat -Werror=format-security  -g -DANDROID -ffunction-sections -funwind-tables -fstack-protector-strong -no-canonical-prefixes -march=armv7-a -mfloat-abi=softfp -mfpu=vfpv3-d16 -fno-integrated-as -mthumb -Wa,--noexecstack -Wformat -Werror=format-security    -fPIE   -o CMakeFiles/cmTC_33474.dir/CMakeCXXCompilerABI.cpp.o -c /usr/local/share/cmake-3.6/Modules/CMakeCXXCompilerABI.cpp
Linking CXX executable cmTC_33474
/usr/local/bin/cmake -E cmake_link_script CMakeFiles/cmTC_33474.dir/link.txt --verbose=1
/opt/env/android-ndk-r14b/toolchains/llvm/prebuilt/linux-x86_64/bin/clang++  --target=armv7-none-linux-androideabi --gcc-toolchain=/opt/env/android-ndk-r14b/toolchains/arm-linux-androideabi-4.9/prebuilt/linux-x86_64 --sysroot=/opt/env/android-ndk-r14b/platforms/android-22/arch-arm  -g -DANDROID -ffunction-sections -funwind-tables -fstack-protector-strong -no-canonical-prefixes -march=armv7-a -mfloat-abi=softfp -mfpu=vfpv3-d16 -fno-integrated-as -mthumb -Wa,--noexecstack -Wformat -Werror=format-security  -g -DANDROID -ffunction-sections -funwind-tables -fstack-protector-strong -no-canonical-prefixes -march=armv7-a -mfloat-abi=softfp -mfpu=vfpv3-d16 -fno-integrated-as -mthumb -Wa,--noexecstack -Wformat -Werror=format-security     -Wl,--build-id -Wl,--warn-shared-textrel -Wl,--fatal-warnings -Wl,--fix-cortex-a8 -Wl,--no-undefined -Wl,-z,noexecstack -Qunused-arguments -Wl,-z,relro -Wl,-z,now -Wl,--gc-sections -Wl,-z,nocopyreloc -pie -fPIE  -v CMakeFiles/cmTC_33474.dir/CMakeCXXCompilerABI.cpp.o  -o cmTC_33474   
Android clang version 3.8.275480  (based on LLVM 3.8.275480)
Target: armv7-none-linux-android
Thread model: posix
InstalledDir: /opt/env/android-ndk-r14b/toolchains/llvm/prebuilt/linux-x86_64/bin
Found candidate GCC installation: /opt/env/android-ndk-r14b/toolchains/arm-linux-androideabi-4.9/prebuilt/linux-x86_64/lib/gcc/arm-linux-androideabi/4.9.x
Selected GCC installation: /opt/env/android-ndk-r14b/toolchains/arm-linux-androideabi-4.9/prebuilt/linux-x86_64/lib/gcc/arm-linux-androideabi/4.9.x
Candidate multilib: thumb;@thumb
Candidate multilib: armv7-a;@armv7
Candidate multilib: armv7-a/thumb;@armv7@thumb
Candidate multilib: .;
Selected multilib: armv7-a/thumb;@armv7@thumb
 "/opt/env/android-ndk-r14b/toolchains/arm-linux-androideabi-4.9/prebuilt/linux-x86_64/lib/gcc/arm-linux-androideabi/4.9.x/../../../../arm-linux-androideabi/bin/ld" --sysroot=/opt/env/android-ndk-r14b/platforms/android-22/arch-arm -pie -z relro -X --eh-frame-hdr -m armelf_linux_eabi -dynamic-linker /system/bin/linker -o cmTC_33474 /opt/env/android-ndk-r14b/platforms/android-22/arch-arm/usr/lib/../lib/crtbegin_dynamic.o -L/opt/env/android-ndk-r14b/toolchains/arm-linux-androideabi-4.9/prebuilt/linux-x86_64/lib/gcc/arm-linux-androideabi/4.9.x/armv7-a/thumb -L/opt/env/android-ndk-r14b/toolchains/arm-linux-androideabi-4.9/prebuilt/linux-x86_64/lib/gcc/arm-linux-androideabi/4.9.x/../../../../arm-linux-androideabi/lib/../lib/armv7-a/thumb -L/opt/env/android-ndk-r14b/platforms/android-22/arch-arm/usr/lib/../lib -L/opt/env/android-ndk-r14b/toolchains/arm-linux-androideabi-4.9/prebuilt/linux-x86_64/lib/gcc/arm-linux-androideabi/4.9.x/../../../../arm-linux-androideabi/lib/armv7-a/thumb -L/opt/env/android-ndk-r14b/platforms/android-22/arch-arm/usr/lib --build-id --warn-shared-textrel --fatal-warnings --fix-cortex-a8 --no-undefined -z noexecstack -z relro -z now --gc-sections -z nocopyreloc CMakeFiles/cmTC_33474.dir/CMakeCXXCompilerABI.cpp.o -lstdc++ -lm -lgcc -lgcc -ldl -lc -lgcc -lgcc -ldl /opt/env/android-ndk-r14b/platforms/android-22/arch-arm/usr/lib/../lib/crtend_android.o
make[1]: Leaving directory '/home/yngzmiao/test/test_android_1/build/CMakeFiles/CMakeTmp'


Parsed CXX implicit link information from above output:
  link line regex: [^( *|.*[/\])(arm-linux-androideabi-ld|([^/\]+-)?ld|collect2)[^/\]*( |$)]
  ignore line: [Change Dir: /home/yngzmiao/test/test_android_1/build/CMakeFiles/CMakeTmp]
  ignore line: []
  ignore line: [Run Build Command:"/usr/bin/make" "cmTC_33474/fast"]
  ignore line: [/usr/bin/make -f CMakeFiles/cmTC_33474.dir/build.make CMakeFiles/cmTC_33474.dir/build]
  ignore line: [make[1]: Entering directory '/home/yngzmiao/test/test_android_1/build/CMakeFiles/CMakeTmp']
  ignore line: [Building CXX object CMakeFiles/cmTC_33474.dir/CMakeCXXCompilerABI.cpp.o]
  ignore line: [/opt/env/android-ndk-r14b/toolchains/llvm/prebuilt/linux-x86_64/bin/clang++  --target=armv7-none-linux-androideabi --gcc-toolchain=/opt/env/android-ndk-r14b/toolchains/arm-linux-androideabi-4.9/prebuilt/linux-x86_64 --sysroot=/opt/env/android-ndk-r14b/platforms/android-22/arch-arm   -isystem /opt/env/android-ndk-r14b/sources/cxx-stl/gnu-libstdc++/4.9/include -isystem /opt/env/android-ndk-r14b/sources/cxx-stl/gnu-libstdc++/4.9/libs/armeabi-v7a/include -isystem /opt/env/android-ndk-r14b/sources/cxx-stl/gnu-libstdc++/4.9/include/backward  -g -DANDROID -ffunction-sections -funwind-tables -fstack-protector-strong -no-canonical-prefixes -march=armv7-a -mfloat-abi=softfp -mfpu=vfpv3-d16 -fno-integrated-as -mthumb -Wa,--noexecstack -Wformat -Werror=format-security  -g -DANDROID -ffunction-sections -funwind-tables -fstack-protector-strong -no-canonical-prefixes -march=armv7-a -mfloat-abi=softfp -mfpu=vfpv3-d16 -fno-integrated-as -mthumb -Wa,--noexecstack -Wformat -Werror=format-security    -fPIE   -o CMakeFiles/cmTC_33474.dir/CMakeCXXCompilerABI.cpp.o -c /usr/local/share/cmake-3.6/Modules/CMakeCXXCompilerABI.cpp]
  ignore line: [Linking CXX executable cmTC_33474]
  ignore line: [/usr/local/bin/cmake -E cmake_link_script CMakeFiles/cmTC_33474.dir/link.txt --verbose=1]
  ignore line: [/opt/env/android-ndk-r14b/toolchains/llvm/prebuilt/linux-x86_64/bin/clang++  --target=armv7-none-linux-androideabi --gcc-toolchain=/opt/env/android-ndk-r14b/toolchains/arm-linux-androideabi-4.9/prebuilt/linux-x86_64 --sysroot=/opt/env/android-ndk-r14b/platforms/android-22/arch-arm  -g -DANDROID -ffunction-sections -funwind-tables -fstack-protector-strong -no-canonical-prefixes -march=armv7-a -mfloat-abi=softfp -mfpu=vfpv3-d16 -fno-integrated-as -mthumb -Wa,--noexecstack -Wformat -Werror=format-security  -g -DANDROID -ffunction-sections -funwind-tables -fstack-protector-strong -no-canonical-prefixes -march=armv7-a -mfloat-abi=softfp -mfpu=vfpv3-d16 -fno-integrated-as -mthumb -Wa,--noexecstack -Wformat -Werror=format-security     -Wl,--build-id -Wl,--warn-shared-textrel -Wl,--fatal-warnings -Wl,--fix-cortex-a8 -Wl,--no-undefined -Wl,-z,noexecstack -Qunused-arguments -Wl,-z,relro -Wl,-z,now -Wl,--gc-sections -Wl,-z,nocopyreloc -pie -fPIE  -v CMakeFiles/cmTC_33474.dir/CMakeCXXCompilerABI.cpp.o  -o cmTC_33474   ]
  ignore line: [Android clang version 3.8.275480  (based on LLVM 3.8.275480)]
  ignore line: [Target: armv7-none-linux-android]
  ignore line: [Thread model: posix]
  ignore line: [InstalledDir: /opt/env/android-ndk-r14b/toolchains/llvm/prebuilt/linux-x86_64/bin]
  ignore line: [Found candidate GCC installation: /opt/env/android-ndk-r14b/toolchains/arm-linux-androideabi-4.9/prebuilt/linux-x86_64/lib/gcc/arm-linux-androideabi/4.9.x]
  ignore line: [Selected GCC installation: /opt/env/android-ndk-r14b/toolchains/arm-linux-androideabi-4.9/prebuilt/linux-x86_64/lib/gcc/arm-linux-androideabi/4.9.x]
  ignore line: [Candidate multilib: thumb]
  ignore line: [@thumb]
  ignore line: [Candidate multilib: armv7-a]
  ignore line: [@armv7]
  ignore line: [Candidate multilib: armv7-a/thumb]
  ignore line: [@armv7@thumb]
  ignore line: [Candidate multilib: .]
  ignore line: []
  ignore line: [Selected multilib: armv7-a/thumb]
  ignore line: [@armv7@thumb]
  link line: [ "/opt/env/android-ndk-r14b/toolchains/arm-linux-androideabi-4.9/prebuilt/linux-x86_64/lib/gcc/arm-linux-androideabi/4.9.x/../../../../arm-linux-androideabi/bin/ld" --sysroot=/opt/env/android-ndk-r14b/platforms/android-22/arch-arm -pie -z relro -X --eh-frame-hdr -m armelf_linux_eabi -dynamic-linker /system/bin/linker -o cmTC_33474 /opt/env/android-ndk-r14b/platforms/android-22/arch-arm/usr/lib/../lib/crtbegin_dynamic.o -L/opt/env/android-ndk-r14b/toolchains/arm-linux-androideabi-4.9/prebuilt/linux-x86_64/lib/gcc/arm-linux-androideabi/4.9.x/armv7-a/thumb -L/opt/env/android-ndk-r14b/toolchains/arm-linux-androideabi-4.9/prebuilt/linux-x86_64/lib/gcc/arm-linux-androideabi/4.9.x/../../../../arm-linux-androideabi/lib/../lib/armv7-a/thumb -L/opt/env/android-ndk-r14b/platforms/android-22/arch-arm/usr/lib/../lib -L/opt/env/android-ndk-r14b/toolchains/arm-linux-androideabi-4.9/prebuilt/linux-x86_64/lib/gcc/arm-linux-androideabi/4.9.x/../../../../arm-linux-androideabi/lib/armv7-a/thumb -L/opt/env/android-ndk-r14b/platforms/android-22/arch-arm/usr/lib --build-id --warn-shared-textrel --fatal-warnings --fix-cortex-a8 --no-undefined -z noexecstack -z relro -z now --gc-sections -z nocopyreloc CMakeFiles/cmTC_33474.dir/CMakeCXXCompilerABI.cpp.o -lstdc++ -lm -lgcc -lgcc -ldl -lc -lgcc -lgcc -ldl /opt/env/android-ndk-r14b/platforms/android-22/arch-arm/usr/lib/../lib/crtend_android.o]
    arg [/opt/env/android-ndk-r14b/toolchains/arm-linux-androideabi-4.9/prebuilt/linux-x86_64/lib/gcc/arm-linux-androideabi/4.9.x/../../../../arm-linux-androideabi/bin/ld] ==> ignore
    arg [--sysroot=/opt/env/android-ndk-r14b/platforms/android-22/arch-arm] ==> ignore
    arg [-pie] ==> ignore
    arg [-zrelro] ==> ignore
    arg [-X] ==> ignore
    arg [--eh-frame-hdr] ==> ignore
    arg [-m] ==> ignore
    arg [armelf_linux_eabi] ==> ignore
    arg [-dynamic-linker] ==> ignore
    arg [/system/bin/linker] ==> ignore
    arg [-o] ==> ignore
    arg [cmTC_33474] ==> ignore
    arg [/opt/env/android-ndk-r14b/platforms/android-22/arch-arm/usr/lib/../lib/crtbegin_dynamic.o] ==> ignore
    arg [-L/opt/env/android-ndk-r14b/toolchains/arm-linux-androideabi-4.9/prebuilt/linux-x86_64/lib/gcc/arm-linux-androideabi/4.9.x/armv7-a/thumb] ==> dir [/opt/env/android-ndk-r14b/toolchains/arm-linux-androideabi-4.9/prebuilt/linux-x86_64/lib/gcc/arm-linux-androideabi/4.9.x/armv7-a/thumb]
    arg [-L/opt/env/android-ndk-r14b/toolchains/arm-linux-androideabi-4.9/prebuilt/linux-x86_64/lib/gcc/arm-linux-androideabi/4.9.x/../../../../arm-linux-androideabi/lib/../lib/armv7-a/thumb] ==> dir [/opt/env/android-ndk-r14b/toolchains/arm-linux-androideabi-4.9/prebuilt/linux-x86_64/lib/gcc/arm-linux-androideabi/4.9.x/../../../../arm-linux-androideabi/lib/../lib/armv7-a/thumb]
    arg [-L/opt/env/android-ndk-r14b/platforms/android-22/arch-arm/usr/lib/../lib] ==> dir [/opt/env/android-ndk-r14b/platforms/android-22/arch-arm/usr/lib/../lib]
    arg [-L/opt/env/android-ndk-r14b/toolchains/arm-linux-androideabi-4.9/prebuilt/linux-x86_64/lib/gcc/arm-linux-androideabi/4.9.x/../../../../arm-linux-androideabi/lib/armv7-a/thumb] ==> dir [/opt/env/android-ndk-r14b/toolchains/arm-linux-androideabi-4.9/prebuilt/linux-x86_64/lib/gcc/arm-linux-androideabi/4.9.x/../../../../arm-linux-androideabi/lib/armv7-a/thumb]
    arg [-L/opt/env/android-ndk-r14b/platforms/android-22/arch-arm/usr/lib] ==> dir [/opt/env/android-ndk-r14b/platforms/android-22/arch-arm/usr/lib]
    arg [--build-id] ==> ignore
    arg [--warn-shared-textrel] ==> ignore
    arg [--fatal-warnings] ==> ignore
    arg [--fix-cortex-a8] ==> ignore
    arg [--no-undefined] ==> ignore
    arg [-znoexecstack] ==> ignore
    arg [-zrelro] ==> ignore
    arg [-znow] ==> ignore
    arg [--gc-sections] ==> ignore
    arg [-znocopyreloc] ==> ignore
    arg [CMakeFiles/cmTC_33474.dir/CMakeCXXCompilerABI.cpp.o] ==> ignore
    arg [-lstdc++] ==> lib [stdc++]
    arg [-lm] ==> lib [m]
    arg [-lgcc] ==> lib [gcc]
    arg [-lgcc] ==> lib [gcc]
    arg [-ldl] ==> lib [dl]
    arg [-lc] ==> lib [c]
    arg [-lgcc] ==> lib [gcc]
    arg [-lgcc] ==> lib [gcc]
    arg [-ldl] ==> lib [dl]
    arg [/opt/env/android-ndk-r14b/platforms/android-22/arch-arm/usr/lib/../lib/crtend_android.o] ==> ignore
  remove lib [gcc]
  remove lib [gcc]
  remove lib [gcc]
  remove lib [gcc]
  collapse library dir [/opt/env/android-ndk-r14b/toolchains/arm-linux-androideabi-4.9/prebuilt/linux-x86_64/lib/gcc/arm-linux-androideabi/4.9.x/armv7-a/thumb] ==> [/opt/env/android-ndk-r14b/toolchains/arm-linux-androideabi-4.9/prebuilt/linux-x86_64/lib/gcc/arm-linux-androideabi/4.9.x/armv7-a/thumb]
  collapse library dir [/opt/env/android-ndk-r14b/toolchains/arm-linux-androideabi-4.9/prebuilt/linux-x86_64/lib/gcc/arm-linux-androideabi/4.9.x/../../../../arm-linux-androideabi/lib/../lib/armv7-a/thumb] ==> [/opt/env/android-ndk-r14b/toolchains/arm-linux-androideabi-4.9/prebuilt/linux-x86_64/arm-linux-androideabi/lib/armv7-a/thumb]
  collapse library dir [/opt/env/android-ndk-r14b/platforms/android-22/arch-arm/usr/lib/../lib] ==> [/opt/env/android-ndk-r14b/platforms/android-22/arch-arm/usr/lib]
  collapse library dir [/opt/env/android-ndk-r14b/toolchains/arm-linux-androideabi-4.9/prebuilt/linux-x86_64/lib/gcc/arm-linux-androideabi/4.9.x/../../../../arm-linux-androideabi/lib/armv7-a/thumb] ==> [/opt/env/android-ndk-r14b/toolchains/arm-linux-androideabi-4.9/prebuilt/linux-x86_64/arm-linux-androideabi/lib/armv7-a/thumb]
  collapse library dir [/opt/env/android-ndk-r14b/platforms/android-22/arch-arm/usr/lib] ==> [/opt/env/android-ndk-r14b/platforms/android-22/arch-arm/usr/lib]
  implicit libs: [stdc++;m;dl;c;dl]
  implicit dirs: [/opt/env/android-ndk-r14b/toolchains/arm-linux-androideabi-4.9/prebuilt/linux-x86_64/lib/gcc/arm-linux-androideabi/4.9.x/armv7-a/thumb;/opt/env/android-ndk-r14b/toolchains/arm-linux-androideabi-4.9/prebuilt/linux-x86_64/arm-linux-androideabi/lib/armv7-a/thumb;/opt/env/android-ndk-r14b/platforms/android-22/arch-arm/usr/lib]
  implicit fwks: []




Detecting CXX [-std=c++14] compiler features compiled with the following output:
Change Dir: /home/yngzmiao/test/test_android_1/build/CMakeFiles/CMakeTmp

Run Build Command:"/usr/bin/make" "cmTC_26cf9/fast"
/usr/bin/make -f CMakeFiles/cmTC_26cf9.dir/build.make CMakeFiles/cmTC_26cf9.dir/build
make[1]: Entering directory '/home/yngzmiao/test/test_android_1/build/CMakeFiles/CMakeTmp'
Building CXX object CMakeFiles/cmTC_26cf9.dir/feature_tests.cxx.o
/opt/env/android-ndk-r14b/toolchains/llvm/prebuilt/linux-x86_64/bin/clang++  --target=armv7-none-linux-androideabi --gcc-toolchain=/opt/env/android-ndk-r14b/toolchains/arm-linux-androideabi-4.9/prebuilt/linux-x86_64 --sysroot=/opt/env/android-ndk-r14b/platforms/android-22/arch-arm   -isystem /opt/env/android-ndk-r14b/sources/cxx-stl/gnu-libstdc++/4.9/include -isystem /opt/env/android-ndk-r14b/sources/cxx-stl/gnu-libstdc++/4.9/libs/armeabi-v7a/include -isystem /opt/env/android-ndk-r14b/sources/cxx-stl/gnu-libstdc++/4.9/include/backward  -g -DANDROID -ffunction-sections -funwind-tables -fstack-protector-strong -no-canonical-prefixes -march=armv7-a -mfloat-abi=softfp -mfpu=vfpv3-d16 -fno-integrated-as -mthumb -Wa,--noexecstack -Wformat -Werror=format-security  -g -DANDROID -ffunction-sections -funwind-tables -fstack-protector-strong -no-canonical-prefixes -march=armv7-a -mfloat-abi=softfp -mfpu=vfpv3-d16 -fno-integrated-as -mthumb -Wa,--noexecstack -Wformat -Werror=format-security    -fPIE   -std=c++14 -o CMakeFiles/cmTC_26cf9.dir/feature_tests.cxx.o -c /home/yngzmiao/test/test_android_1/build/CMakeFiles/feature_tests.cxx
Linking CXX executable cmTC_26cf9
/usr/local/bin/cmake -E cmake_link_script CMakeFiles/cmTC_26cf9.dir/link.txt --verbose=1
/opt/env/android-ndk-r14b/toolchains/llvm/prebuilt/linux-x86_64/bin/clang++  --target=armv7-none-linux-androideabi --gcc-toolchain=/opt/env/android-ndk-r14b/toolchains/arm-linux-androideabi-4.9/prebuilt/linux-x86_64 --sysroot=/opt/env/android-ndk-r14b/platforms/android-22/arch-arm  -g -DANDROID -ffunction-sections -funwind-tables -fstack-protector-strong -no-canonical-prefixes -march=armv7-a -mfloat-abi=softfp -mfpu=vfpv3-d16 -fno-integrated-as -mthumb -Wa,--noexecstack -Wformat -Werror=format-security  -g -DANDROID -ffunction-sections -funwind-tables -fstack-protector-strong -no-canonical-prefixes -march=armv7-a -mfloat-abi=softfp -mfpu=vfpv3-d16 -fno-integrated-as -mthumb -Wa,--noexecstack -Wformat -Werror=format-security     -Wl,--build-id -Wl,--warn-shared-textrel -Wl,--fatal-warnings -Wl,--fix-cortex-a8 -Wl,--no-undefined -Wl,-z,noexecstack -Qunused-arguments -Wl,-z,relro -Wl,-z,now -Wl,--gc-sections -Wl,-z,nocopyreloc -pie -fPIE   CMakeFiles/cmTC_26cf9.dir/feature_tests.cxx.o  -o cmTC_26cf9  -lm "/opt/env/android-ndk-r14b/sources/cxx-stl/gnu-libstdc++/4.9/libs/armeabi-v7a/libgnustl_static.a" 
make[1]: Leaving directory '/home/yngzmiao/test/test_android_1/build/CMakeFiles/CMakeTmp'


    Feature record: CXX_FEATURE:1cxx_aggregate_default_initializers
    Feature record: CXX_FEATURE:1cxx_alias_templates
    Feature record: CXX_FEATURE:1cxx_alignas
    Feature record: CXX_FEATURE:1cxx_alignof
    Feature record: CXX_FEATURE:1cxx_attributes
    Feature record: CXX_FEATURE:1cxx_attribute_deprecated
    Feature record: CXX_FEATURE:1cxx_auto_type
    Feature record: CXX_FEATURE:1cxx_binary_literals
    Feature record: CXX_FEATURE:1cxx_constexpr
    Feature record: CXX_FEATURE:1cxx_contextual_conversions
    Feature record: CXX_FEATURE:1cxx_decltype
    Feature record: CXX_FEATURE:1cxx_decltype_auto
    Feature record: CXX_FEATURE:1cxx_decltype_incomplete_return_types
    Feature record: CXX_FEATURE:1cxx_default_function_template_args
    Feature record: CXX_FEATURE:1cxx_defaulted_functions
    Feature record: CXX_FEATURE:1cxx_defaulted_move_initializers
    Feature record: CXX_FEATURE:1cxx_delegating_constructors
    Feature record: CXX_FEATURE:1cxx_deleted_functions
    Feature record: CXX_FEATURE:1cxx_digit_separators
    Feature record: CXX_FEATURE:1cxx_enum_forward_declarations
    Feature record: CXX_FEATURE:1cxx_explicit_conversions
    Feature record: CXX_FEATURE:1cxx_extended_friend_declarations
    Feature record: CXX_FEATURE:1cxx_extern_templates
    Feature record: CXX_FEATURE:1cxx_final
    Feature record: CXX_FEATURE:1cxx_func_identifier
    Feature record: CXX_FEATURE:1cxx_generalized_initializers
    Feature record: CXX_FEATURE:1cxx_generic_lambdas
    Feature record: CXX_FEATURE:1cxx_inheriting_constructors
    Feature record: CXX_FEATURE:1cxx_inline_namespaces
    Feature record: CXX_FEATURE:1cxx_lambdas
    Feature record: CXX_FEATURE:1cxx_lambda_init_captures
    Feature record: CXX_FEATURE:1cxx_local_type_template_args
    Feature record: CXX_FEATURE:1cxx_long_long_type
    Feature record: CXX_FEATURE:1cxx_noexcept
    Feature record: CXX_FEATURE:1cxx_nonstatic_member_init
    Feature record: CXX_FEATURE:1cxx_nullptr
    Feature record: CXX_FEATURE:1cxx_override
    Feature record: CXX_FEATURE:1cxx_range_for
    Feature record: CXX_FEATURE:1cxx_raw_string_literals
    Feature record: CXX_FEATURE:1cxx_reference_qualified_functions
    Feature record: CXX_FEATURE:1cxx_relaxed_constexpr
    Feature record: CXX_FEATURE:1cxx_return_type_deduction
    Feature record: CXX_FEATURE:1cxx_right_angle_brackets
    Feature record: CXX_FEATURE:1cxx_rvalue_references
    Feature record: CXX_FEATURE:1cxx_sizeof_member
    Feature record: CXX_FEATURE:1cxx_static_assert
    Feature record: CXX_FEATURE:1cxx_strong_enums
    Feature record: CXX_FEATURE:1cxx_template_template_parameters
    Feature record: CXX_FEATURE:1cxx_thread_local
    Feature record: CXX_FEATURE:1cxx_trailing_return_types
    Feature record: CXX_FEATURE:1cxx_unicode_literals
    Feature record: CXX_FEATURE:1cxx_uniform_initialization
    Feature record: CXX_FEATURE:1cxx_unrestricted_unions
    Feature record: CXX_FEATURE:1cxx_user_literals
    Feature record: CXX_FEATURE:1cxx_variable_templates
    Feature record: CXX_FEATURE:1cxx_variadic_macros
    Feature record: CXX_FEATURE:1cxx_variadic_templates


Detecting CXX [-std=c++11] compiler features compiled with the following output:
Change Dir: /home/yngzmiao/test/test_android_1/build/CMakeFiles/CMakeTmp

Run Build Command:"/usr/bin/make" "cmTC_58e78/fast"
/usr/bin/make -f CMakeFiles/cmTC_58e78.dir/build.make CMakeFiles/cmTC_58e78.dir/build
make[1]: Entering directory '/home/yngzmiao/test/test_android_1/build/CMakeFiles/CMakeTmp'
Building CXX object CMakeFiles/cmTC_58e78.dir/feature_tests.cxx.o
/opt/env/android-ndk-r14b/toolchains/llvm/prebuilt/linux-x86_64/bin/clang++  --target=armv7-none-linux-androideabi --gcc-toolchain=/opt/env/android-ndk-r14b/toolchains/arm-linux-androideabi-4.9/prebuilt/linux-x86_64 --sysroot=/opt/env/android-ndk-r14b/platforms/android-22/arch-arm   -isystem /opt/env/android-ndk-r14b/sources/cxx-stl/gnu-libstdc++/4.9/include -isystem /opt/env/android-ndk-r14b/sources/cxx-stl/gnu-libstdc++/4.9/libs/armeabi-v7a/include -isystem /opt/env/android-ndk-r14b/sources/cxx-stl/gnu-libstdc++/4.9/include/backward  -g -DANDROID -ffunction-sections -funwind-tables -fstack-protector-strong -no-canonical-prefixes -march=armv7-a -mfloat-abi=softfp -mfpu=vfpv3-d16 -fno-integrated-as -mthumb -Wa,--noexecstack -Wformat -Werror=format-security  -g -DANDROID -ffunction-sections -funwind-tables -fstack-protector-strong -no-canonical-prefixes -march=armv7-a -mfloat-abi=softfp -mfpu=vfpv3-d16 -fno-integrated-as -mthumb -Wa,--noexecstack -Wformat -Werror=format-security    -fPIE   -std=c++11 -o CMakeFiles/cmTC_58e78.dir/feature_tests.cxx.o -c /home/yngzmiao/test/test_android_1/build/CMakeFiles/feature_tests.cxx
Linking CXX executable cmTC_58e78
/usr/local/bin/cmake -E cmake_link_script CMakeFiles/cmTC_58e78.dir/link.txt --verbose=1
/opt/env/android-ndk-r14b/toolchains/llvm/prebuilt/linux-x86_64/bin/clang++  --target=armv7-none-linux-androideabi --gcc-toolchain=/opt/env/android-ndk-r14b/toolchains/arm-linux-androideabi-4.9/prebuilt/linux-x86_64 --sysroot=/opt/env/android-ndk-r14b/platforms/android-22/arch-arm  -g -DANDROID -ffunction-sections -funwind-tables -fstack-protector-strong -no-canonical-prefixes -march=armv7-a -mfloat-abi=softfp -mfpu=vfpv3-d16 -fno-integrated-as -mthumb -Wa,--noexecstack -Wformat -Werror=format-security  -g -DANDROID -ffunction-sections -funwind-tables -fstack-protector-strong -no-canonical-prefixes -march=armv7-a -mfloat-abi=softfp -mfpu=vfpv3-d16 -fno-integrated-as -mthumb -Wa,--noexecstack -Wformat -Werror=format-security     -Wl,--build-id -Wl,--warn-shared-textrel -Wl,--fatal-warnings -Wl,--fix-cortex-a8 -Wl,--no-undefined -Wl,-z,noexecstack -Qunused-arguments -Wl,-z,relro -Wl,-z,now -Wl,--gc-sections -Wl,-z,nocopyreloc -pie -fPIE   CMakeFiles/cmTC_58e78.dir/feature_tests.cxx.o  -o cmTC_58e78  -lm "/opt/env/android-ndk-r14b/sources/cxx-stl/gnu-libstdc++/4.9/libs/armeabi-v7a/libgnustl_static.a" 
make[1]: Leaving directory '/home/yngzmiao/test/test_android_1/build/CMakeFiles/CMakeTmp'


    Feature record: CXX_FEATURE:0cxx_aggregate_default_initializers
    Feature record: CXX_FEATURE:1cxx_alias_templates
    Feature record: CXX_FEATURE:1cxx_alignas
    Feature record: CXX_FEATURE:1cxx_alignof
    Feature record: CXX_FEATURE:1cxx_attributes
    Feature record: CXX_FEATURE:0cxx_attribute_deprecated
    Feature record: CXX_FEATURE:1cxx_auto_type
    Feature record: CXX_FEATURE:0cxx_binary_literals
    Feature record: CXX_FEATURE:1cxx_constexpr
    Feature record: CXX_FEATURE:0cxx_contextual_conversions
    Feature record: CXX_FEATURE:1cxx_decltype
    Feature record: CXX_FEATURE:0cxx_decltype_auto
    Feature record: CXX_FEATURE:1cxx_decltype_incomplete_return_types
    Feature record: CXX_FEATURE:1cxx_default_function_template_args
    Feature record: CXX_FEATURE:1cxx_defaulted_functions
    Feature record: CXX_FEATURE:1cxx_defaulted_move_initializers
    Feature record: CXX_FEATURE:1cxx_delegating_constructors
    Feature record: CXX_FEATURE:1cxx_deleted_functions
    Feature record: CXX_FEATURE:0cxx_digit_separators
    Feature record: CXX_FEATURE:1cxx_enum_forward_declarations
    Feature record: CXX_FEATURE:1cxx_explicit_conversions
    Feature record: CXX_FEATURE:1cxx_extended_friend_declarations
    Feature record: CXX_FEATURE:1cxx_extern_templates
    Feature record: CXX_FEATURE:1cxx_final
    Feature record: CXX_FEATURE:1cxx_func_identifier
    Feature record: CXX_FEATURE:1cxx_generalized_initializers
    Feature record: CXX_FEATURE:0cxx_generic_lambdas
    Feature record: CXX_FEATURE:1cxx_inheriting_constructors
    Feature record: CXX_FEATURE:1cxx_inline_namespaces
    Feature record: CXX_FEATURE:1cxx_lambdas
    Feature record: CXX_FEATURE:0cxx_lambda_init_captures
    Feature record: CXX_FEATURE:1cxx_local_type_template_args
    Feature record: CXX_FEATURE:1cxx_long_long_type
    Feature record: CXX_FEATURE:1cxx_noexcept
    Feature record: CXX_FEATURE:1cxx_nonstatic_member_init
    Feature record: CXX_FEATURE:1cxx_nullptr
    Feature record: CXX_FEATURE:1cxx_override
    Feature record: CXX_FEATURE:1cxx_range_for
    Feature record: CXX_FEATURE:1cxx_raw_string_literals
    Feature record: CXX_FEATURE:1cxx_reference_qualified_functions
    Feature record: CXX_FEATURE:0cxx_relaxed_constexpr
    Feature record: CXX_FEATURE:0cxx_return_type_deduction
    Feature record: CXX_FEATURE:1cxx_right_angle_brackets
    Feature record: CXX_FEATURE:1cxx_rvalue_references
    Feature record: CXX_FEATURE:1cxx_sizeof_member
    Feature record: CXX_FEATURE:1cxx_static_assert
    Feature record: CXX_FEATURE:1cxx_strong_enums
    Feature record: CXX_FEATURE:1cxx_template_template_parameters
    Feature record: CXX_FEATURE:1cxx_thread_local
    Feature record: CXX_FEATURE:1cxx_trailing_return_types
    Feature record: CXX_FEATURE:1cxx_unicode_literals
    Feature record: CXX_FEATURE:1cxx_uniform_initialization
    Feature record: CXX_FEATURE:1cxx_unrestricted_unions
    Feature record: CXX_FEATURE:1cxx_user_literals
    Feature record: CXX_FEATURE:0cxx_variable_templates
    Feature record: CXX_FEATURE:1cxx_variadic_macros
    Feature record: CXX_FEATURE:1cxx_variadic_templates


Detecting CXX [-std=c++98] compiler features compiled with the following output:
Change Dir: /home/yngzmiao/test/test_android_1/build/CMakeFiles/CMakeTmp

Run Build Command:"/usr/bin/make" "cmTC_d76bb/fast"
/usr/bin/make -f CMakeFiles/cmTC_d76bb.dir/build.make CMakeFiles/cmTC_d76bb.dir/build
make[1]: Entering directory '/home/yngzmiao/test/test_android_1/build/CMakeFiles/CMakeTmp'
Building CXX object CMakeFiles/cmTC_d76bb.dir/feature_tests.cxx.o
/opt/env/android-ndk-r14b/toolchains/llvm/prebuilt/linux-x86_64/bin/clang++  --target=armv7-none-linux-androideabi --gcc-toolchain=/opt/env/android-ndk-r14b/toolchains/arm-linux-androideabi-4.9/prebuilt/linux-x86_64 --sysroot=/opt/env/android-ndk-r14b/platforms/android-22/arch-arm   -isystem /opt/env/android-ndk-r14b/sources/cxx-stl/gnu-libstdc++/4.9/include -isystem /opt/env/android-ndk-r14b/sources/cxx-stl/gnu-libstdc++/4.9/libs/armeabi-v7a/include -isystem /opt/env/android-ndk-r14b/sources/cxx-stl/gnu-libstdc++/4.9/include/backward  -g -DANDROID -ffunction-sections -funwind-tables -fstack-protector-strong -no-canonical-prefixes -march=armv7-a -mfloat-abi=softfp -mfpu=vfpv3-d16 -fno-integrated-as -mthumb -Wa,--noexecstack -Wformat -Werror=format-security  -g -DANDROID -ffunction-sections -funwind-tables -fstack-protector-strong -no-canonical-prefixes -march=armv7-a -mfloat-abi=softfp -mfpu=vfpv3-d16 -fno-integrated-as -mthumb -Wa,--noexecstack -Wformat -Werror=format-security    -fPIE   -std=c++98 -o CMakeFiles/cmTC_d76bb.dir/feature_tests.cxx.o -c /home/yngzmiao/test/test_android_1/build/CMakeFiles/feature_tests.cxx
Linking CXX executable cmTC_d76bb
/usr/local/bin/cmake -E cmake_link_script CMakeFiles/cmTC_d76bb.dir/link.txt --verbose=1
/opt/env/android-ndk-r14b/toolchains/llvm/prebuilt/linux-x86_64/bin/clang++  --target=armv7-none-linux-androideabi --gcc-toolchain=/opt/env/android-ndk-r14b/toolchains/arm-linux-androideabi-4.9/prebuilt/linux-x86_64 --sysroot=/opt/env/android-ndk-r14b/platforms/android-22/arch-arm  -g -DANDROID -ffunction-sections -funwind-tables -fstack-protector-strong -no-canonical-prefixes -march=armv7-a -mfloat-abi=softfp -mfpu=vfpv3-d16 -fno-integrated-as -mthumb -Wa,--noexecstack -Wformat -Werror=format-security  -g -DANDROID -ffunction-sections -funwind-tables -fstack-protector-strong -no-canonical-prefixes -march=armv7-a -mfloat-abi=softfp -mfpu=vfpv3-d16 -fno-integrated-as -mthumb -Wa,--noexecstack -Wformat -Werror=format-security     -Wl,--build-id -Wl,--warn-shared-textrel -Wl,--fatal-warnings -Wl,--fix-cortex-a8 -Wl,--no-undefined -Wl,-z,noexecstack -Qunused-arguments -Wl,-z,relro -Wl,-z,now -Wl,--gc-sections -Wl,-z,nocopyreloc -pie -fPIE   CMakeFiles/cmTC_d76bb.dir/feature_tests.cxx.o  -o cmTC_d76bb  -lm "/opt/env/android-ndk-r14b/sources/cxx-stl/gnu-libstdc++/4.9/libs/armeabi-v7a/libgnustl_static.a" 
make[1]: Leaving directory '/home/yngzmiao/test/test_android_1/build/CMakeFiles/CMakeTmp'


    Feature record: CXX_FEATURE:0cxx_aggregate_default_initializers
    Feature record: CXX_FEATURE:0cxx_alias_templates
    Feature record: CXX_FEATURE:0cxx_alignas
    Feature record: CXX_FEATURE:0cxx_alignof
    Feature record: CXX_FEATURE:0cxx_attributes
    Feature record: CXX_FEATURE:0cxx_attribute_deprecated
    Feature record: CXX_FEATURE:0cxx_auto_type
    Feature record: CXX_FEATURE:0cxx_binary_literals
    Feature record: CXX_FEATURE:0cxx_constexpr
    Feature record: CXX_FEATURE:0cxx_contextual_conversions
    Feature record: CXX_FEATURE:0cxx_decltype
    Feature record: CXX_FEATURE:0cxx_decltype_auto
    Feature record: CXX_FEATURE:0cxx_decltype_incomplete_return_types
    Feature record: CXX_FEATURE:0cxx_default_function_template_args
    Feature record: CXX_FEATURE:0cxx_defaulted_functions
    Feature record: CXX_FEATURE:0cxx_defaulted_move_initializers
    Feature record: CXX_FEATURE:0cxx_delegating_constructors
    Feature record: CXX_FEATURE:0cxx_deleted_functions
    Feature record: CXX_FEATURE:0cxx_digit_separators
    Feature record: CXX_FEATURE:0cxx_enum_forward_declarations
    Feature record: CXX_FEATURE:0cxx_explicit_conversions
    Feature record: CXX_FEATURE:0cxx_extended_friend_declarations
    Feature record: CXX_FEATURE:0cxx_extern_templates
    Feature record: CXX_FEATURE:0cxx_final
    Feature record: CXX_FEATURE:0cxx_func_identifier
    Feature record: CXX_FEATURE:0cxx_generalized_initializers
    Feature record: CXX_FEATURE:0cxx_generic_lambdas
    Feature record: CXX_FEATURE:0cxx_inheriting_constructors
    Feature record: CXX_FEATURE:0cxx_inline_namespaces
    Feature record: CXX_FEATURE:0cxx_lambdas
    Feature record: CXX_FEATURE:0cxx_lambda_init_captures
    Feature record: CXX_FEATURE:0cxx_local_type_template_args
    Feature record: CXX_FEATURE:0cxx_long_long_type
    Feature record: CXX_FEATURE:0cxx_noexcept
    Feature record: CXX_FEATURE:0cxx_nonstatic_member_init
    Feature record: CXX_FEATURE:0cxx_nullptr
    Feature record: CXX_FEATURE:0cxx_override
    Feature record: CXX_FEATURE:0cxx_range_for
    Feature record: CXX_FEATURE:0cxx_raw_string_literals
    Feature record: CXX_FEATURE:0cxx_reference_qualified_functions
    Feature record: CXX_FEATURE:0cxx_relaxed_constexpr
    Feature record: CXX_FEATURE:0cxx_return_type_deduction
    Feature record: CXX_FEATURE:0cxx_right_angle_brackets
    Feature record: CXX_FEATURE:0cxx_rvalue_references
    Feature record: CXX_FEATURE:0cxx_sizeof_member
    Feature record: CXX_FEATURE:0cxx_static_assert
    Feature record: CXX_FEATURE:0cxx_strong_enums
    Feature record: CXX_FEATURE:1cxx_template_template_parameters
    Feature record: CXX_FEATURE:0cxx_thread_local
    Feature record: CXX_FEATURE:0cxx_trailing_return_types
    Feature record: CXX_FEATURE:0cxx_unicode_literals
    Feature record: CXX_FEATURE:0cxx_uniform_initialization
    Feature record: CXX_FEATURE:0cxx_unrestricted_unions
    Feature record: CXX_FEATURE:0cxx_user_literals
    Feature record: CXX_FEATURE:0cxx_variable_templates
    Feature record: CXX_FEATURE:0cxx_variadic_macros
    Feature record: CXX_FEATURE:0cxx_variadic_templates
